<?xml version="1.0" encoding="UTF-8"?>
<!-- Generated by org.testng.reporters.JUnitReportReporter -->
<testsuite skipped="0" hostname="DESKTOP-O1BAHTG" name="com.qa.TestCases.EverStylishHomeTest" tests="1" failures="0" timestamp="21 Mar 2019 17:57:19 GMT" time="2.454" errors="0">
  <testcase name="testClothingLink" time="2.454" classname="com.qa.TestCases.EverStylishHomeTest"/>
</testsuite> <!-- com.qa.TestCases.EverStylishHomeTest -->
