<?xml version="1.0" encoding="UTF-8"?>
<!-- Generated by org.testng.reporters.JUnitReportReporter -->
<testsuite skipped="1" hostname="DESKTOP-O1BAHTG" name="com.qa.TestCases.IndexTestCase" tests="2" failures="0" timestamp="24 Mar 2019 19:33:49 GMT" time="5.564" errors="0">
  <testcase name="search" time="5.564" classname="com.qa.TestCases.IndexTestCase"/>
  <testcase name="tShirts" classname="com.qa.TestCases.IndexTestCase">
    <skipped/>
  </testcase> <!-- tShirts -->
</testsuite> <!-- com.qa.TestCases.IndexTestCase -->
