<?xml version="1.0" encoding="UTF-8"?>
<!-- Generated by org.testng.reporters.JUnitReportReporter -->
<testsuite skipped="0" hostname="DESKTOP-O1BAHTG" name="com.qa.TestCases.DressesTestCase" tests="1" failures="0" timestamp="21 Mar 2019 19:01:30 GMT" time="0.220" errors="0">
  <testcase name="checkAscSort" time="0.220" classname="com.qa.TestCases.DressesTestCase"/>
</testsuite> <!-- com.qa.TestCases.DressesTestCase -->
