<?xml version="1.0" encoding="UTF-8"?>
<!-- Generated by org.testng.reporters.JUnitReportReporter -->
<testsuite skipped="1" hostname="DESKTOP-O1BAHTG" name="com.qa.TestCases.IndexTestCase" tests="3" failures="0" timestamp="03 Apr 2019 06:37:58 GMT" time="49.113" errors="0">
  <testcase name="checkTitle" time="42.001" classname="com.qa.TestCases.IndexTestCase"/>
  <testcase name="search" time="7.112" classname="com.qa.TestCases.IndexTestCase"/>
  <testcase name="tShirts" classname="com.qa.TestCases.IndexTestCase">
    <skipped/>
  </testcase> <!-- tShirts -->
</testsuite> <!-- com.qa.TestCases.IndexTestCase -->
